E, [2015-12-28T16:35:50.725432 #3879] ERROR -- Kitchen: ------Exception-------
E, [2015-12-28T16:35:50.725582 #3879] ERROR -- Kitchen: Class: Kitchen::UserError
E, [2015-12-28T16:35:50.725607 #3879] ERROR -- Kitchen: Message: Kitchen YAML file /root/devops/chef-repo/cookbooks/.kitchen.yml does not exist.
E, [2015-12-28T16:35:50.725627 #3879] ERROR -- Kitchen: ------Backtrace-------
E, [2015-12-28T16:35:50.725647 #3879] ERROR -- Kitchen: /opt/chefdk/embedded/lib/ruby/gems/2.1.0/gems/test-kitchen-1.4.2/lib/kitchen/loader/yaml.rb:74:in `read'
E, [2015-12-28T16:35:50.725667 #3879] ERROR -- Kitchen: /opt/chefdk/embedded/lib/ruby/gems/2.1.0/gems/test-kitchen-1.4.2/lib/kitchen/config.rb:145:in `data'
E, [2015-12-28T16:35:50.725686 #3879] ERROR -- Kitchen: /opt/chefdk/embedded/lib/ruby/gems/2.1.0/gems/test-kitchen-1.4.2/lib/kitchen/config.rb:124:in `suites'
E, [2015-12-28T16:35:50.725705 #3879] ERROR -- Kitchen: /opt/chefdk/embedded/lib/ruby/gems/2.1.0/gems/test-kitchen-1.4.2/lib/kitchen/config.rb:175:in `filter_instances'
E, [2015-12-28T16:35:50.725728 #3879] ERROR -- Kitchen: /opt/chefdk/embedded/lib/ruby/gems/2.1.0/gems/test-kitchen-1.4.2/lib/kitchen/config.rb:134:in `build_instances'
E, [2015-12-28T16:35:50.725747 #3879] ERROR -- Kitchen: /opt/chefdk/embedded/lib/ruby/gems/2.1.0/gems/test-kitchen-1.4.2/lib/kitchen/config.rb:110:in `instances'
E, [2015-12-28T16:35:50.725766 #3879] ERROR -- Kitchen: /opt/chefdk/embedded/lib/ruby/gems/2.1.0/gems/test-kitchen-1.4.2/lib/kitchen/command.rb:115:in `filtered_instances'
E, [2015-12-28T16:35:50.725785 #3879] ERROR -- Kitchen: /opt/chefdk/embedded/lib/ruby/gems/2.1.0/gems/test-kitchen-1.4.2/lib/kitchen/command.rb:145:in `parse_subcommand'
E, [2015-12-28T16:35:50.725803 #3879] ERROR -- Kitchen: /opt/chefdk/embedded/lib/ruby/gems/2.1.0/gems/test-kitchen-1.4.2/lib/kitchen/command/list.rb:32:in `call'
E, [2015-12-28T16:35:50.725835 #3879] ERROR -- Kitchen: /opt/chefdk/embedded/lib/ruby/gems/2.1.0/gems/test-kitchen-1.4.2/lib/kitchen/cli.rb:56:in `perform'
E, [2015-12-28T16:35:50.725854 #3879] ERROR -- Kitchen: /opt/chefdk/embedded/lib/ruby/gems/2.1.0/gems/test-kitchen-1.4.2/lib/kitchen/cli.rb:108:in `list'
E, [2015-12-28T16:35:50.725954 #3879] ERROR -- Kitchen: /opt/chefdk/embedded/lib/ruby/gems/2.1.0/gems/thor-0.19.1/lib/thor/command.rb:27:in `run'
E, [2015-12-28T16:35:50.726002 #3879] ERROR -- Kitchen: /opt/chefdk/embedded/lib/ruby/gems/2.1.0/gems/thor-0.19.1/lib/thor/invocation.rb:126:in `invoke_command'
E, [2015-12-28T16:35:50.726024 #3879] ERROR -- Kitchen: /opt/chefdk/embedded/lib/ruby/gems/2.1.0/gems/test-kitchen-1.4.2/lib/kitchen/cli.rb:308:in `invoke_task'
E, [2015-12-28T16:35:50.726043 #3879] ERROR -- Kitchen: /opt/chefdk/embedded/lib/ruby/gems/2.1.0/gems/thor-0.19.1/lib/thor.rb:359:in `dispatch'
E, [2015-12-28T16:35:50.726062 #3879] ERROR -- Kitchen: /opt/chefdk/embedded/lib/ruby/gems/2.1.0/gems/thor-0.19.1/lib/thor/base.rb:440:in `start'
E, [2015-12-28T16:35:50.726081 #3879] ERROR -- Kitchen: /opt/chefdk/embedded/lib/ruby/gems/2.1.0/gems/test-kitchen-1.4.2/bin/kitchen:13:in `block in <top (required)>'
E, [2015-12-28T16:35:50.726100 #3879] ERROR -- Kitchen: /opt/chefdk/embedded/lib/ruby/gems/2.1.0/gems/test-kitchen-1.4.2/lib/kitchen/errors.rb:154:in `with_friendly_errors'
E, [2015-12-28T16:35:50.726134 #3879] ERROR -- Kitchen: /opt/chefdk/embedded/lib/ruby/gems/2.1.0/gems/test-kitchen-1.4.2/bin/kitchen:13:in `<top (required)>'
E, [2015-12-28T16:35:50.726158 #3879] ERROR -- Kitchen: /usr/bin/kitchen:14:in `load'
E, [2015-12-28T16:35:50.726183 #3879] ERROR -- Kitchen: /usr/bin/kitchen:14:in `<main>'
E, [2015-12-28T16:35:50.726207 #3879] ERROR -- Kitchen: ----------------------
